<acceptance-test-run title="Enter an sample text in the Realbuck app" name="Enter an sample text in the Realbuck app" steps="6" successful="0" failures="0" errors="1" skipped="5" ignored="0" pending="0" annotated-result="ERROR" result="ERROR" duration="187" timestamp="2016-05-03T12:45:49.862+05:30">
  <user-story id="realbuckstory" name="Realbuckstory" path="Stories/RealBucksStories/realbuckstory.story"/>
  <tags>
    <tag name="Real bucks stories" type="feature"/>
    <tag name="Real bucks stories/Realbuckstory" type="story"/>
  </tags>
  <test-group name="Given I click on the text box" result="ERROR">
    <test-step result="ERROR" duration="50">
      <description>Click ontextbox</description>
      <error>net.thucydides.core.webdriver.UnsupportedDriverException: Could not instantiate class io.appium.java_client.AppiumDriver</error>
      <exception>net.thucydides.core.webdriver.UnsupportedDriverException:Could not instantiate class io.appium.java_client.AppiumDriver&#xd;
[com.realbucks.test.pageobject.Realbuck_Register_PageObject.clickTextBox(Realbuck_Register_PageObject.java:49), com.realbucks.test.stepsmodules.RealBucks_RegisterPage_Modules.clickOntextbox(RealBucks_RegisterPage_Modules.java:15), com.realbucks.test.stepsdefine.RealBucksTestSteps.givenIClickOnTheTextBox(RealBucksTestSteps.java:25)]</exception>
    </test-step>
  </test-group>
  <test-step result="SKIPPED" duration="0">
    <description>When I enter my text</description>
  </test-step>
  <test-step result="SKIPPED" duration="0">
    <description>Then I should see the text inside the text box</description>
  </test-step>
  <test-step result="SKIPPED" duration="0">
    <description>Then I click on menu button</description>
  </test-step>
  <test-step result="SKIPPED" duration="0">
    <description>And I verify the menu values</description>
  </test-step>
  <test-step result="SKIPPED" duration="0">
    <description>Then I click on menu button</description>
  </test-step>
</acceptance-test-run>